# JRE version: Java(TM) SE Runtime Environment (8.0_60-b27) (build 1.8.0_60-b27)
# Java VM: Java HotSpot(TM) 64-Bit Server VM (25.60-b23 mixed mode windows-amd64 compressed oops)
Heap:
 PSYoungGen      total 28672K, used 27507K [0x00000000e0800000, 0x00000000e2800000, 0x0000000100000000)
  eden space 24576K, 95% used [0x00000000e0800000,0x00000000e1ee27e0,0x00000000e2000000)
  from space 4096K, 99% used [0x00000000e2400000,0x00000000e27fa4b0,0x00000000e2800000)
  to   space 4096K, 0% used [0x00000000e2000000,0x00000000e2000000,0x00000000e2400000)
 ParOldGen       total 65536K, used 10924K [0x00000000a1800000, 0x00000000a5800000, 0x00000000e0800000)
  object space 65536K, 16% used [0x00000000a1800000,0x00000000a22ab090,0x00000000a5800000)
 Metaspace       used 14993K, capacity 15190K, committed 15488K, reserved 1062912K
  class space    used 1851K, capacity 1919K, committed 1920K, reserved 1048576K
GC Heap History (4 events):
Event: 4.393 GC heap before
{Heap before GC invocations=1 (full 0):
 PSYoungGen      total 28672K, used 23837K [0x00000000e0800000, 0x00000000e2800000, 0x0000000100000000)
  eden space 24576K, 96% used [0x00000000e0800000,0x00000000e1f47608,0x00000000e2000000)
  from space 4096K, 0% used [0x00000000e2400000,0x00000000e2400000,0x00000000e2800000)
  to   space 4096K, 0% used [0x00000000e2000000,0x00000000e2000000,0x00000000e2400000)
 ParOldGen       total 65536K, used 0K [0x00000000a1800000, 0x00000000a5800000, 0x00000000e0800000)
  object space 65536K, 0% used [0x00000000a1800000,0x00000000a1800000,0x00000000a5800000)
 Metaspace       used 12925K, capacity 13142K, committed 13312K, reserved 1060864K
  class space    used 1682K, capacity 1755K, committed 1792K, reserved 1048576K
Event: 4.404 GC heap after
Heap after GC invocations=1 (full 0):
 PSYoungGen      total 28672K, used 4089K [0x00000000e0800000, 0x00000000e2800000, 0x0000000100000000)
  eden space 24576K, 0% used [0x00000000e0800000,0x00000000e0800000,0x00000000e2000000)
  from space 4096K, 99% used [0x00000000e2000000,0x00000000e23fe4c0,0x00000000e2400000)
  to   space 4096K, 0% used [0x00000000e2400000,0x00000000e2400000,0x00000000e2800000)
 ParOldGen       total 65536K, used 7962K [0x00000000a1800000, 0x00000000a5800000, 0x00000000e0800000)
  object space 65536K, 12% used [0x00000000a1800000,0x00000000a1fc6a00,0x00000000a5800000)
 Metaspace       used 12925K, capacity 13142K, committed 13312K, reserved 1060864K
  class space    used 1682K, capacity 1755K, committed 1792K, reserved 1048576K
}
Event: 73.816 GC heap before
{Heap before GC invocations=2 (full 0):
 PSYoungGen      total 28672K, used 26812K [0x00000000e0800000, 0x00000000e2800000, 0x0000000100000000)
  eden space 24576K, 92% used [0x00000000e0800000,0x00000000e1e30d38,0x00000000e2000000)
  from space 4096K, 99% used [0x00000000e2000000,0x00000000e23fe4c0,0x00000000e2400000)
  to   space 4096K, 0% used [0x00000000e2400000,0x00000000e2400000,0x00000000e2800000)
 ParOldGen       total 65536K, used 7962K [0x00000000a1800000, 0x00000000a5800000, 0x00000000e0800000)
  object space 65536K, 12% used [0x00000000a1800000,0x00000000a1fc6a00,0x00000000a5800000)
 Metaspace       used 14854K, capacity 15056K, committed 15232K, reserved 1062912K
  class space    used 1850K, capacity 1918K, committed 1920K, reserved 1048576K
Event: 73.823 GC heap after
Heap after GC invocations=2 (full 0):
 PSYoungGen      total 28672K, used 4073K [0x00000000e0800000, 0x00000000e2800000, 0x0000000100000000)
  eden space 24576K, 0% used [0x00000000e0800000,0x00000000e0800000,0x00000000e2000000)
  from space 4096K, 99% used [0x00000000e2400000,0x00000000e27fa4b0,0x00000000e2800000)
  to   space 4096K, 0% used [0x00000000e2000000,0x00000000e2000000,0x00000000e2400000)
 ParOldGen       total 65536K, used 10924K [0x00000000a1800000, 0x00000000a5800000, 0x00000000e0800000)
  object space 65536K, 16% used [0x00000000a1800000,0x00000000a22ab090,0x00000000a5800000)
 Metaspace       used 14854K, capacity 15056K, committed 15232K, reserved 1062912K
  class space    used 1850K, capacity 1918K, committed 1920K, reserved 1048576K
}

